# JRE version: Java(TM) SE Runtime Environment (8.0_221-b11) (build 1.8.0_221-b11)
# Java VM: Java HotSpot(TM) 64-Bit GraalVM EE 19.2.0 (25.221-b11-jvmci-19.2-b02 mixed mode linux-amd64 compressed oops)
Heap:
 PSYoungGen      total 1418240K, used 0K [0x000000073e300000, 0x00000007c0000000, 0x00000007c0000000)
  eden space 709632K, 0% used [0x000000073e300000,0x000000073e300000,0x0000000769800000)
  from space 708608K, 0% used [0x0000000794c00000,0x0000000794c00000,0x00000007c0000000)
  to   space 708608K, 0% used [0x0000000769800000,0x0000000769800000,0x0000000794c00000)
 ParOldGen       total 2195456K, used 1031325K [0x000000063a800000, 0x00000006c0800000, 0x000000073e300000)
  object space 2195456K, 46% used [0x000000063a800000,0x0000000679727418,0x00000006c0800000)
 Metaspace       used 126391K, capacity 131923K, committed 132696K, reserved 1159168K
  class space    used 22507K, capacity 23425K, committed 23640K, reserved 1048576K
GC Heap History (10 events):
Event: 77,915 GC heap after
Heap after GC invocations=32 (full 4):
 PSYoungGen      total 1446912K, used 458042K [0x000000073e300000, 0x00000007c0000000, 0x00000007c0000000)
  eden space 870400K, 0% used [0x000000073e300000,0x000000073e300000,0x0000000773500000)
  from space 576512K, 79% used [0x000000079af00000,0x00000007b6e4e998,0x00000007be200000)
  to   space 628224K, 0% used [0x0000000773500000,0x0000000773500000,0x0000000799a80000)
 ParOldGen       total 2195456K, used 1289715K [0x000000063a800000, 0x00000006c0800000, 0x000000073e300000)
  object space 2195456K, 58% used [0x000000063a800000,0x000000068937cf60,0x00000006c0800000)
 Metaspace       used 126081K, capacity 131891K, committed 132056K, reserved 1157120K
  class space    used 22555K, capacity 23509K, committed 23512K, reserved 1048576K
}
Event: 81,303 GC heap before
{Heap before GC invocations=33 (full 4):
 PSYoungGen      total 1446912K, used 1328442K [0x000000073e300000, 0x00000007c0000000, 0x00000007c0000000)
  eden space 870400K, 100% used [0x000000073e300000,0x0000000773500000,0x0000000773500000)
  from space 576512K, 79% used [0x000000079af00000,0x00000007b6e4e998,0x00000007be200000)
  to   space 628224K, 0% used [0x0000000773500000,0x0000000773500000,0x0000000799a80000)
 ParOldGen       total 2195456K, used 1289715K [0x000000063a800000, 0x00000006c0800000, 0x000000073e300000)
  object space 2195456K, 58% used [0x000000063a800000,0x000000068937cf60,0x00000006c0800000)
 Metaspace       used 126327K, capacity 132167K, committed 132312K, reserved 1159168K
  class space    used 22556K, capacity 23511K, committed 23512K, reserved 1048576K
Event: 81,976 GC heap after
Heap after GC invocations=33 (full 4):
 PSYoungGen      total 1498624K, used 628198K [0x000000073e300000, 0x00000007c0000000, 0x00000007c0000000)
  eden space 870400K, 0% used [0x000000073e300000,0x000000073e300000,0x0000000773500000)
  from space 628224K, 99% used [0x0000000773500000,0x0000000799a79be0,0x0000000799a80000)
  to   space 628224K, 0% used [0x0000000799a80000,0x0000000799a80000,0x00000007c0000000)
 ParOldGen       total 2195456K, used 1416459K [0x000000063a800000, 0x00000006c0800000, 0x000000073e300000)
  object space 2195456K, 64% used [0x000000063a800000,0x0000000690f42fe8,0x00000006c0800000)
 Metaspace       used 126327K, capacity 132167K, committed 132312K, reserved 1159168K
  class space    used 22556K, capacity 23511K, committed 23512K, reserved 1048576K
}
Event: 84,826 GC heap before
{Heap before GC invocations=34 (full 4):
 PSYoungGen      total 1498624K, used 1498598K [0x000000073e300000, 0x00000007c0000000, 0x00000007c0000000)
  eden space 870400K, 100% used [0x000000073e300000,0x0000000773500000,0x0000000773500000)
  from space 628224K, 99% used [0x0000000773500000,0x0000000799a79be0,0x0000000799a80000)
  to   space 628224K, 0% used [0x0000000799a80000,0x0000000799a80000,0x00000007c0000000)
 ParOldGen       total 2195456K, used 1416459K [0x000000063a800000, 0x00000006c0800000, 0x000000073e300000)
  object space 2195456K, 64% used [0x000000063a800000,0x0000000690f42fe8,0x00000006c0800000)
 Metaspace       used 126530K, capacity 132395K, committed 132696K, reserved 1159168K
  class space    used 22560K, capacity 23517K, committed 23640K, reserved 1048576K
Event: 85,505 GC heap after
Heap after GC invocations=34 (full 4):
 PSYoungGen      total 1337856K, used 628201K [0x000000073e300000, 0x00000007c0000000, 0x00000007c0000000)
  eden space 709632K, 0% used [0x000000073e300000,0x000000073e300000,0x0000000769800000)
  from space 628224K, 99% used [0x0000000799a80000,0x00000007bfffa5f0,0x00000007c0000000)
  to   space 708608K, 0% used [0x0000000769800000,0x0000000769800000,0x0000000794c00000)
 ParOldGen       total 2195456K, used 1548245K [0x000000063a800000, 0x00000006c0800000, 0x000000073e300000)
  object space 2195456K, 70% used [0x000000063a800000,0x0000000698ff5430,0x00000006c0800000)
 Metaspace       used 126530K, capacity 132395K, committed 132696K, reserved 1159168K
  class space    used 22560K, capacity 23517K, committed 23640K, reserved 1048576K
}
Event: 86,543 GC heap before
{Heap before GC invocations=35 (full 4):
 PSYoungGen      total 1337856K, used 1337833K [0x000000073e300000, 0x00000007c0000000, 0x00000007c0000000)
  eden space 709632K, 100% used [0x000000073e300000,0x0000000769800000,0x0000000769800000)
  from space 628224K, 99% used [0x0000000799a80000,0x00000007bfffa5f0,0x00000007c0000000)
  to   space 708608K, 0% used [0x0000000769800000,0x0000000769800000,0x0000000794c00000)
 ParOldGen       total 2195456K, used 1548245K [0x000000063a800000, 0x00000006c0800000, 0x000000073e300000)
  object space 2195456K, 70% used [0x000000063a800000,0x0000000698ff5430,0x00000006c0800000)
 Metaspace       used 126551K, capacity 132395K, committed 132696K, reserved 1159168K
  class space    used 22560K, capacity 23517K, committed 23640K, reserved 1048576K
Event: 87,120 GC heap after
Heap after GC invocations=35 (full 4):
 PSYoungGen      total 1418240K, used 575043K [0x000000073e300000, 0x00000007c0000000, 0x00000007c0000000)
  eden space 709632K, 0% used [0x000000073e300000,0x000000073e300000,0x0000000769800000)
  from space 708608K, 81% used [0x0000000769800000,0x000000078c990fc0,0x0000000794c00000)
  to   space 708608K, 0% used [0x0000000794c00000,0x0000000794c00000,0x00000007c0000000)
 ParOldGen       total 2195456K, used 1676392K [0x000000063a800000, 0x00000006c0800000, 0x000000073e300000)
  object space 2195456K, 76% used [0x000000063a800000,0x00000006a0d1a228,0x00000006c0800000)
 Metaspace       used 126551K, capacity 132395K, committed 132696K, reserved 1159168K
  class space    used 22560K, capacity 23517K, committed 23640K, reserved 1048576K
}
Event: 87,771 GC heap before
{Heap before GC invocations=36 (full 4):
 PSYoungGen      total 1418240K, used 1284675K [0x000000073e300000, 0x00000007c0000000, 0x00000007c0000000)
  eden space 709632K, 100% used [0x000000073e300000,0x0000000769800000,0x0000000769800000)
  from space 708608K, 81% used [0x0000000769800000,0x000000078c990fc0,0x0000000794c00000)
  to   space 708608K, 0% used [0x0000000794c00000,0x0000000794c00000,0x00000007c0000000)
 ParOldGen       total 2195456K, used 1676392K [0x000000063a800000, 0x00000006c0800000, 0x000000073e300000)
  object space 2195456K, 76% used [0x000000063a800000,0x00000006a0d1a228,0x00000006c0800000)
 Metaspace       used 126558K, capacity 132395K, committed 132696K, reserved 1159168K
  class space    used 22560K, capacity 23517K, committed 23640K, reserved 1048576K
Event: 88,611 GC heap after
Heap after GC invocations=36 (full 4):
 PSYoungGen      total 1418240K, used 229589K [0x000000073e300000, 0x00000007c0000000, 0x00000007c0000000)
  eden space 709632K, 0% used [0x000000073e300000,0x000000073e300000,0x0000000769800000)
  from space 708608K, 32% used [0x0000000794c00000,0x00000007a2c356a0,0x00000007c0000000)
  to   space 708608K, 0% used [0x0000000769800000,0x0000000769800000,0x0000000794c00000)
 ParOldGen       total 2195456K, used 2022502K [0x000000063a800000, 0x00000006c0800000, 0x000000073e300000)
  object space 2195456K, 92% used [0x000000063a800000,0x00000006b5f19a20,0x00000006c0800000)
 Metaspace       used 126558K, capacity 132395K, committed 132696K, reserved 1159168K
  class space    used 22560K, capacity 23517K, committed 23640K, reserved 1048576K
}
Event: 88,615 GC heap before
{Heap before GC invocations=37 (full 5):
 PSYoungGen      total 1418240K, used 229589K [0x000000073e300000, 0x00000007c0000000, 0x00000007c0000000)
  eden space 709632K, 0% used [0x000000073e300000,0x000000073e300000,0x0000000769800000)
  from space 708608K, 32% used [0x0000000794c00000,0x00000007a2c356a0,0x00000007c0000000)
  to   space 708608K, 0% used [0x0000000769800000,0x0000000769800000,0x0000000794c00000)
 ParOldGen       total 2195456K, used 2022502K [0x000000063a800000, 0x00000006c0800000, 0x000000073e300000)
  object space 2195456K, 92% used [0x000000063a800000,0x00000006b5f19a20,0x00000006c0800000)
 Metaspace       used 126558K, capacity 132395K, committed 132696K, reserved 1159168K
  class space    used 22560K, capacity 23517K, committed 23640K, reserved 1048576K

